<?xml version="1.0" encoding="UTF-8"?>
<robot generator="Robot 7.0 (Python 3.12.3 on win32)" generated="2024-04-16T15:37:32.630855" rpa="false" schemaversion="5">
<suite id="s1" name="Preenchimento-Incorreto" source="c:\Users\D4Sign\Documents\Curso - Robot\testes\preenchimento-incorreto.robot">
<test id="s1-t1" name="Verificar se quando um campo obrigatório não for preenchido corretamente o sistema exibe uma mensagem de campo obrigatório" line="10">
<kw name="Dado que eu acesse o Organo" owner="setup-teardown" type="SETUP">
<kw name="Open Browser" owner="SeleniumLibrary">
<msg time="2024-04-16T15:37:33.238513" level="INFO">Opening browser 'chrome' to base url 'http://localhost:3000/'.</msg>
<arg>url=http://localhost:3000/</arg>
<arg>browser=chrome</arg>
<doc>Opens a new browser instance to the optional ``url``.</doc>
<status status="PASS" start="2024-04-16T15:37:33.238513" elapsed="2.436249"/>
</kw>
<status status="PASS" start="2024-04-16T15:37:33.237517" elapsed="2.438243"/>
</kw>
<kw name="Dado que eu clique no botão &quot;Criar Card&quot;" owner="cadastro">
<kw name="Click Element" owner="SeleniumLibrary">
<msg time="2024-04-16T15:37:35.677456" level="INFO">Clicking element 'id:form-botao'.</msg>
<arg>${BOTAO_CARD}</arg>
<doc>Click the element identified by ``locator``.</doc>
<status status="PASS" start="2024-04-16T15:37:35.677456" elapsed="0.059641"/>
</kw>
<status status="PASS" start="2024-04-16T15:37:35.675760" elapsed="0.061337"/>
</kw>
<kw name="Então sistema deve apresentar mensagem de campo obrigatório" owner="cadastro">
<kw name="Element Should Be Visible" owner="SeleniumLibrary">
<msg time="2024-04-16T15:37:35.760664" level="INFO">Element 'id:form-nome-erro' is displayed.</msg>
<arg>id:form-nome-erro</arg>
<doc>Verifies that the element identified by ``locator`` is visible.</doc>
<status status="PASS" start="2024-04-16T15:37:35.738093" elapsed="0.022571"/>
</kw>
<kw name="Element Should Be Visible" owner="SeleniumLibrary">
<msg time="2024-04-16T15:37:35.782449" level="INFO">Element 'id:form-cargo-erro' is displayed.</msg>
<arg>id:form-cargo-erro</arg>
<doc>Verifies that the element identified by ``locator`` is visible.</doc>
<status status="PASS" start="2024-04-16T15:37:35.760664" elapsed="0.021785"/>
</kw>
<kw name="Element Should Be Visible" owner="SeleniumLibrary">
<msg time="2024-04-16T15:37:35.799921" level="INFO">Element 'id:form-times-erro' is displayed.</msg>
<arg>id:form-times-erro</arg>
<doc>Verifies that the element identified by ``locator`` is visible.</doc>
<status status="PASS" start="2024-04-16T15:37:35.782449" elapsed="0.017472"/>
</kw>
<status status="PASS" start="2024-04-16T15:37:35.738093" elapsed="0.062827"/>
</kw>
<kw name="Fechar o navegador" owner="setup-teardown" type="TEARDOWN">
<kw name="Close Browser" owner="SeleniumLibrary">
<doc>Closes the current browser.</doc>
<status status="PASS" start="2024-04-16T15:37:35.800920" elapsed="2.124679"/>
</kw>
<status status="PASS" start="2024-04-16T15:37:35.800920" elapsed="2.124679"/>
</kw>
<status status="PASS" start="2024-04-16T15:37:33.236512" elapsed="4.690142"/>
</test>
<status status="PASS" start="2024-04-16T15:37:32.635203" elapsed="5.293403"/>
</suite>
<statistics>
<total>
<stat pass="1" fail="0" skip="0">All Tests</stat>
</total>
<tag>
</tag>
<suite>
<stat pass="1" fail="0" skip="0" id="s1" name="Preenchimento-Incorreto">Preenchimento-Incorreto</stat>
</suite>
</statistics>
<errors>
</errors>
</robot>
